<?xml version="1.0" encoding="UTF-8"?>
<testsuite name="com.userregistration.UserRegistration_Test" tests="24" skipped="0" failures="0" errors="0" timestamp="2019-11-23T04:23:32" hostname="admin1-desktop" time="0.014">
  <properties/>
  <testcase name="givenLastName_WhenUpperLetterMissing_ReturnFalse" classname="com.userregistration.UserRegistration_Test" time="0.0"/>
  <testcase name="givenFirstName_WhenUpperLetter_ReturnFalse" classname="com.userregistration.UserRegistration_Test" time="0.0"/>
  <testcase name="givenLastName_WhenNum_ReturnFalse" classname="com.userregistration.UserRegistration_Test" time="0.001"/>
  <testcase name="givenMobile_WhenPassChar_ReturnFalse" classname="com.userregistration.UserRegistration_Test" time="0.0"/>
  <testcase name="givenLastName_WhenMatch_ReturnTrue" classname="com.userregistration.UserRegistration_Test" time="0.0"/>
  <testcase name="givenMobile_WhenProper_ReturnTrue" classname="com.userregistration.UserRegistration_Test" time="0.0"/>
  <testcase name="givenFirstName_WhenSpecialChar_ReturnFalse" classname="com.userregistration.UserRegistration_Test" time="0.0"/>
  <testcase name="givenMobile_WhenNotGivenSpace_ReturnFalse" classname="com.userregistration.UserRegistration_Test" time="0.0"/>
  <testcase name="givenFirstName_WhenUpperLetterMissing_ReturnFalse" classname="com.userregistration.UserRegistration_Test" time="0.0"/>
  <testcase name="givenFirstName_WhenProper_ReturnTrue" classname="com.userregistration.UserRegistration_Test" time="0.0"/>
  <testcase name="givenLastName_WhenMoreThanOneUpper_ReturnFalse" classname="com.userregistration.UserRegistration_Test" time="0.0"/>
  <testcase name="givenFirstName_WhenEmpty_ReturnFalse" classname="com.userregistration.UserRegistration_Test" time="0.0"/>
  <testcase name="givenLastName_WhenAllLetterUpper_ReturnFalse" classname="com.userregistration.UserRegistration_Test" time="0.0"/>
  <testcase name="givenLastName_WhenUpperLetter_ReturnFalse" classname="com.userregistration.UserRegistration_Test" time="0.0"/>
  <testcase name="givenLastName_WhenLengthLessThanThree_ReturnFalse" classname="com.userregistration.UserRegistration_Test" time="0.0"/>
  <testcase name="givenFirstName_WhenLengthLessThanThree_ReturnFalse" classname="com.userregistration.UserRegistration_Test" time="0.001"/>
  <testcase name="givenMobile_WhenNumLessThan10_ReturnFalse" classname="com.userregistration.UserRegistration_Test" time="0.0"/>
  <testcase name="givenFirstName_WhenMoreThanOneUpper_ReturnFalse" classname="com.userregistration.UserRegistration_Test" time="0.0"/>
  <testcase name="givenLastName_WhenProper_ReturnTrue" classname="com.userregistration.UserRegistration_Test" time="0.0"/>
  <testcase name="givenFirstName_WhenMatch_ReturnTrue" classname="com.userregistration.UserRegistration_Test" time="0.0"/>
  <testcase name="givenMobile_WhenPassSpaceAtAnyPosition_ReturnFalse" classname="com.userregistration.UserRegistration_Test" time="0.0"/>
  <testcase name="givenMobile_WhenSpecialCharacter_ReturnFalse" classname="com.userregistration.UserRegistration_Test" time="0.0"/>
  <testcase name="givenFirstName_WhenNum_ReturnFalse" classname="com.userregistration.UserRegistration_Test" time="0.0"/>
  <testcase name="givenFirstName_WhenAllLetterUpper_ReturnFalse" classname="com.userregistration.UserRegistration_Test" time="0.0"/>
  <system-out><![CDATA[]]></system-out>
  <system-err><![CDATA[]]></system-err>
</testsuite>
