<?xml version="1.0" encoding="UTF-8"?>
<testsuite name="com.userregistration.UserRegistrationPasswordTest" tests="12" skipped="0" failures="0" errors="0" timestamp="2019-11-23T10:29:25" hostname="admin1-desktop" time="0.005">
  <properties/>
  <testcase name="givenPassword_WhenValidOrInvalid_ReturnTrueOrFalse[0]" classname="com.userregistration.UserRegistrationPasswordTest" time="0.001"/>
  <testcase name="givenPassword_WhenValidOrInvalid_ReturnTrueOrFalse[1]" classname="com.userregistration.UserRegistrationPasswordTest" time="0.0"/>
  <testcase name="givenPassword_WhenValidOrInvalid_ReturnTrueOrFalse[2]" classname="com.userregistration.UserRegistrationPasswordTest" time="0.0"/>
  <testcase name="givenPassword_WhenValidOrInvalid_ReturnTrueOrFalse[3]" classname="com.userregistration.UserRegistrationPasswordTest" time="0.0"/>
  <testcase name="givenPassword_WhenValidOrInvalid_ReturnTrueOrFalse[4]" classname="com.userregistration.UserRegistrationPasswordTest" time="0.0"/>
  <testcase name="givenPassword_WhenValidOrInvalid_ReturnTrueOrFalse[5]" classname="com.userregistration.UserRegistrationPasswordTest" time="0.0"/>
  <testcase name="givenPassword_WhenValidOrInvalid_ReturnTrueOrFalse[6]" classname="com.userregistration.UserRegistrationPasswordTest" time="0.0"/>
  <testcase name="givenPassword_WhenValidOrInvalid_ReturnTrueOrFalse[7]" classname="com.userregistration.UserRegistrationPasswordTest" time="0.001"/>
  <testcase name="givenPassword_WhenValidOrInvalid_ReturnTrueOrFalse[8]" classname="com.userregistration.UserRegistrationPasswordTest" time="0.0"/>
  <testcase name="givenPassword_WhenValidOrInvalid_ReturnTrueOrFalse[9]" classname="com.userregistration.UserRegistrationPasswordTest" time="0.0"/>
  <testcase name="givenPassword_WhenValidOrInvalid_ReturnTrueOrFalse[10]" classname="com.userregistration.UserRegistrationPasswordTest" time="0.0"/>
  <testcase name="givenPassword_WhenValidOrInvalid_ReturnTrueOrFalse[11]" classname="com.userregistration.UserRegistrationPasswordTest" time="0.001"/>
  <system-out><![CDATA[]]></system-out>
  <system-err><![CDATA[]]></system-err>
</testsuite>
